<?xml version="1.0" encoding="UTF-8"?>
<testng-results ignored="0" total="1" passed="1" failed="0" skipped="0">
  <reporter-output>
  </reporter-output>
  <suite started-at="2023-02-08T15:23:09 EST" name="Default suite" finished-at="2023-02-08T15:23:31 EST" duration-ms="21587">
    <groups>
    </groups>
    <test started-at="2023-02-08T15:23:09 EST" name="Default test" finished-at="2023-02-08T15:23:31 EST" duration-ms="21587">
      <class name="test.AddCustomerTest">
        <test-method signature="validUserShouldBeAbleToAddCustomer()[pri:0, instance:test.AddCustomerTest@ab7a938]" started-at="2023-02-08T15:23:09 EST" name="validUserShouldBeAbleToAddCustomer" finished-at="2023-02-08T15:23:31 EST" duration-ms="21510" status="PASS">
          <reporter-output>
          </reporter-output>
        </test-method> <!-- validUserShouldBeAbleToAddCustomer -->
      </class> <!-- test.AddCustomerTest -->
    </test> <!-- Default test -->
  </suite> <!-- Default suite -->
</testng-results>
